<?xml version="1.0" encoding="UTF-8"?>
<testng-results ignored="0" total="1" passed="1" failed="0" skipped="0">
  <reporter-output>
  </reporter-output>
  <suite started-at="2023-05-02T16:03:05 IST" name="Default suite" finished-at="2023-05-02T16:04:37 IST" duration-ms="92432">
    <groups>
    </groups>
    <test started-at="2023-05-02T16:03:05 IST" name="Default test" finished-at="2023-05-02T16:04:37 IST" duration-ms="92432">
      <class name="Maven_project.First_programm">
        <test-method signature="script()[pri:0, instance:Maven_project.First_programm@56cdfb3b]" started-at="2023-05-02T16:03:05 IST" name="script" finished-at="2023-05-02T16:04:37 IST" duration-ms="92347" status="PASS">
          <reporter-output>
          </reporter-output>
        </test-method> <!-- script -->
      </class> <!-- Maven_project.First_programm -->
    </test> <!-- Default test -->
  </suite> <!-- Default suite -->
</testng-results>
